[log: 2021-06-03-23-02-04] 処理開始
[log: 2021-06-03-23-02-08] 検索キーワード:経理
[log: 2021-06-03-23-02-32] 0件目成功 : 株式会社夢テクノロジー | ★東証一部上場企業グループ★資格取得支援など各種制度充実◎
[log: 2021-06-03-23-02-32] 1件目成功 : テー・ピー・エスサービス株式会社 | ≪研修2か月≫ 社員定着率93%/Web面接対応可
[log: 2021-06-03-23-02-33] 2件目成功 : 株式会社システナ | ★東証一部上場 ★5/29にマイナビ転職フェア新宿に出展します！
[log: 2021-06-03-23-02-33] 3件目成功 : 株式会社テクノプロ | テクノプロ・IT社 【東証一部上場 テクノプロ・グループ】
[log: 2021-06-03-23-02-33] 4件目成功 : 株式会社夢テクノロジー | 【大阪府緊急雇用対策に賛同】最大3ヶ月の研修制度！残業少なめ
[log: 2021-06-03-23-02-33] 5件目成功 : 株式会社モバイルコミュニケーションズ | WEB面接可／国家資格取得可能／転勤なし／定着率90％
[log: 2021-06-03-23-02-33] 6件目成功 : 株式会社マーキュリー | 週休2日／産休育休取得率100％／残業月平均9.7H以下
[log: 2021-06-03-23-02-34] 7件目成功 : 株式会社テクノプロ | テクノプロ・IT社【東証一部上場 テクノプロ・グループ】
[log: 2021-06-03-23-02-34] 8件目成功 : 株式会社バディットコンサルティング | 未経験者は1ヶ月の研修からスタート／経験者は希望の仕事を優先
[log: 2021-06-03-23-02-34] 9件目成功 : グルーコードシステムズ株式会社 | ★コロナでも積極採用 ★プライム9割 ★内定までWeb面接可
[log: 2021-06-03-23-02-34] 10件目成功 : 株式会社デジタルビジョン | ★遠方からの応募OK(引っ越し費用補助有）★自社内開発あり
[log: 2021-06-03-23-02-34] 11件目成功 : 株式会社ツリーベル | 【33年間黒字経営】年休123日/残業平均月8.3h/半分が自社内開発
[log: 2021-06-03-23-02-34] 12件目成功 : 株式会社夢テクノロジー | ★東証一部上場企業グループ★資格取得支援など各種制度充実◎
[log: 2021-06-03-23-02-35] 13件目成功 : ジャパニアス株式会社 | 最先端を創造★日本ディープラーニング協会加盟★自社内開発有
[log: 2021-06-03-23-02-35] 14件目成功 : 株式会社ドリームホーム | 京都屈指の業績・2019年度グループ売上高170億円！
[log: 2021-06-03-23-02-35] 15件目成功 : 株式会社夢テクノロジー | 【大阪府緊急雇用対策に賛同】年休120日以上！残業少なめ
[log: 2021-06-03-23-02-35] 16件目成功 : 株式会社Vヴィズリア | ★年休125日超★土日祝休み★残業18h以下★完全週休2日★面接1回
[log: 2021-06-03-23-02-35] 17件目成功 : 川口土木建築工業株式会社 | 今年で創業100周年！県内トップクラスの実績を誇る総合建設会社
[log: 2021-06-03-23-02-35] 18件目成功 : ＳＣＳＫシステムマネジメント株式会社 | ＳＣＳＫ（住友商事グループ）グループ企業／研修充実◎
[log: 2021-06-03-23-02-36] 19件目成功 : 株式会社ボードルア | ★残業ほぼなし★完全週休2日(年休125日以上)★オフィスは六本木
[log: 2021-06-03-23-02-36] 20件目成功 : 株式会社インビリティー | 【自社内開発ゲームアプリなど】中途入社多数/平均残業月20H以下
[log: 2021-06-03-23-02-37] 21件目成功 : 株式会社ライフコーポレーション | 【大阪府緊急雇用対策に賛同】東証一部上場/賞与平均4.05ヶ月分
[log: 2021-06-03-23-02-37] 22件目成功 : 株式会社Provigent | ★抗体検査などコロナ対策万全 ★入社祝い金10万円！
[log: 2021-06-03-23-02-37] 23件目成功 : 川口土木建築工業株式会社 | 《川口市・さいたま市密着展開》創業100年の建築エキスパート！
[log: 2021-06-03-23-02-37] 24件目成功 : 株式会社RiseConnect | 大阪府緊急雇用対策に賛同<6/26(土)マイナビ転職フェアに参加！>
[log: 2021-06-03-23-02-37] 25件目成功 : ジャパニアス株式会社 | 【創立22年黒字×AI】◆残業月平均20H◆テレワーク◆土日祝休
[log: 2021-06-03-23-02-37] 26件目成功 : ジャパニアス株式会社 | 【22年黒字×AI】転勤なし/自社案件有/残業月平均20h/土日祝休
[log: 2021-06-03-23-02-37] 27件目成功 : 有限会社ウィコム | ＼経験者優遇！／◎完全週休2日制＋長期連休 ◎資格取得支援あり
[log: 2021-06-03-23-02-38] 28件目成功 : 三井不動産レジデンシャル株式会社 | 三井不動産株式会社（東証一部上場）グループ
[log: 2021-06-03-23-02-38] 29件目成功 : Earth Technology株式会社 | 未経験入社9割／文系出身8割／研修あり／年休125日／女性活躍中
[log: 2021-06-03-23-02-38] 30件目成功 : 株式会社システムリサーチ | 東京システム事業部／東証一部上場◆プライム案件8割◆WEB面接OK
[log: 2021-06-03-23-02-38] 31件目成功 : 株式会社リクルートスタッフィング情報サービス | ＼98％がIT未経験スタート／あなたのITデビューを応援します★
[log: 2021-06-03-23-02-39] 32件目成功 : 株式会社NEXCOシステムズ | NEXCOグループ唯一のIT企業◆年休120日以上◆完週休2日(土日祝)
[log: 2021-06-03-23-02-39] 33件目成功 : 辻木材株式会社 | 【創業100周年】1920年→2020年　★来夢ハウス
[log: 2021-06-03-23-02-39] 34件目成功 : 株式会社テクノプロ | テクノプロ・エンジニアリング社 ―◇業界売上NO.1グループ企業
[log: 2021-06-03-23-02-39] 35件目成功 : 株式会社ウイングプラス | 【エンジニアの幸せを守る会社】◇賞与年3回◇面接1回（WEB可）
[log: 2021-06-03-23-02-39] 36件目成功 : インプレイス株式会社 | 《Palo Alto Networks社 公式パートナー》在宅勤務制度有★
[log: 2021-06-03-23-02-40] 37件目成功 : 株式会社エムズクリエイティブシステム | 《コロナ禍でも昨対比130％増で成長中》★離職率0％の安定環境
[log: 2021-06-03-23-02-40] 38件目成功 : 株式会社アウトソーシングテクノロジー | 新時代に向けた働き方／在宅・テレワーク／PRODESKが成長の味方
[log: 2021-06-03-23-02-40] 39件目成功 : ジャパニアス株式会社 | 【22年黒字×AI推進】転勤なし/年休125日/早期昇格可
[log: 2021-06-03-23-02-40] 40件目成功 : 株式会社HYBE SOLUTIONS JAPAN | 旧社名：株式会社Big Hit Solutions Japan/フレックス/年休125日
[log: 2021-06-03-23-02-40] 41件目成功 : 株式会社パソナ | ＜ 東証1部上場「株式会社パソナグループ」のグループ会社 ＞
[log: 2021-06-03-23-02-40] 42件目成功 : ジャパニアス株式会社 | 【22年黒字×AI推進】転勤なし/有給消化70％/年休125日
[log: 2021-06-03-23-02-40] 43件目成功 : 株式会社ペンタスネット | ★受託開発で上流工程も目指せる★大手メーカーのPRJを担当
[log: 2021-06-03-23-02-41] 44件目成功 : 株式会社ジェステック | 定着率97％！/同期と成長/キャリアチェンジ大歓迎/年休130日
[log: 2021-06-03-23-02-41] 45件目成功 : 株式会社アイエスエフネット | 【大阪府緊急雇用対策に賛同】★インセンMAX60％/69％が毎年昇給
[log: 2021-06-03-23-02-41] 46件目成功 : 株式会社NSM | エンジニアの成長を第一に考える会社です★SESではありません！
[log: 2021-06-03-23-02-41] 47件目成功 : 株式会社スリーケーシー | ★残業月20時間以内★土日祝休み＆年間休日125日以上
[log: 2021-06-03-23-02-45] 48件目成功 : 株式会社アイエスエフネット | 【大阪府緊急雇用対策に賛同】★インセンMAX60％★残業ほぼナシ
[log: 2021-06-03-23-02-45] 49件目成功 : 株式会社リクルートR&Dスタッフィング | リクルートグループ｜年間休日120日以上
[log: 2021-06-03-23-02-45] 50件目成功 : 株式会社善光商事 | 「もうありきたりの毎日には戻りたくない」と20代が多数活躍中！
[log: 2021-06-03-23-02-45] 51件目成功 : 株式会社アイエスエフネット | 【大阪府緊急雇用対策に賛同】★在宅勤務OK★年間休日126日
[log: 2021-06-03-23-02-46] 52件目成功 : 株式会社ワールドスポーツ | 新店舗OPEN予定★アウトドア全盛期！今こそ『釣り』業界デビュー
[log: 2021-06-03-23-02-46] 53件目成功 : ヒューマンリレーションネクスト株式会社 | ★Azure・AWS・Pythonなど最先端技術の実践型研修充実★
[log: 2021-06-03-23-02-46] 54件目成功 : 株式会社日本技研プロフェッショナルアーキテクト | 3年間は毎年昇給33,000円！4年経過で月給40万も可能！
[log: 2021-06-03-23-02-46] 55件目成功 : ダイレックス株式会社 | 【東証一部上場のサンドラッググループ】◎10年連続売上高UP！
[log: 2021-06-03-23-02-46] 56件目成功 : 株式会社NEXCOシステムズ | NEXCOグループ唯一のIT企業◆年休120日以上◆完週休2日(土日祝)
[log: 2021-06-03-23-02-47] 57件目成功 : 株式会社KENテクノロジー | 《東証一部上場グループ》★定着率95％超/完全週休2日/残業月15h
[log: 2021-06-03-23-02-47] 58件目成功 : インプレイス株式会社 | 《Palo Alto Networks社 公式パートナー》◆残業ほぼなし
[log: 2021-06-03-23-02-47] 59件目成功 : ジャパニアス株式会社 | 最先端はココに◇日本ディープラーニング協会加盟◇残業月20H程
[log: 2021-06-03-23-02-47] 60件目成功 : ジャパニアス株式会社 | 最先端はココに◇日本ディープラーニング協会加盟◇残業月20H程
[log: 2021-06-03-23-02-47] 61件目成功 : アデコ株式会社 | Modis事業本部 ――◇5G、IoT、クラウド等の最先端技術に挑戦
[log: 2021-06-03-23-02-47] 62件目成功 : 株式会社NEXCOシステムズ | NEXCOグループ唯一のIT企業◆年休120日以上◆完週休2日(土日祝)
[log: 2021-06-03-23-02-48] 63件目成功 : 株式会社要 | ＜ゲームやアプリ開発、インフラ構築など案件豊富＞※未経験OK
[log: 2021-06-03-23-02-48] 64件目成功 : フォーザウィン株式会社 | 上流工程から携わる/残業ほぼなし/年休125日/面接1回
[log: 2021-06-03-23-02-48] 65件目成功 : フォーザウィン株式会社 | 上流工程から携わる/残業ほぼなし/年休125日/面接1回
[log: 2021-06-03-23-02-48] 66件目成功 : 株式会社メイテックフィルダーズ | [東証一部上場／グループ企業]技術派遣のリーディングカンパニー
[log: 2021-06-03-23-02-48] 67件目成功 : フォーザウィン株式会社 | 上流工程から携わる/残業ほぼなし/年休125日/面接1回即採用！
[log: 2021-06-03-23-02-48] 68件目成功 : 株式会社クラフト | 社員の約7割がリモートワーク|賞与年4カ月|産休育休実績あり
[log: 2021-06-03-23-02-48] 69件目成功 : フォーザウィン株式会社 | 経験ゼロでも志望動機がなくても、しっかり育てる会社です！
[log: 2021-06-03-23-02-49] 70件目成功 : 株式会社ライズテック | ユースエール認定企業(厚生労働大臣認定) ★大手企業と直取引！
[log: 2021-06-03-23-02-49] 71件目成功 : 株式会社ユタカホーム | ★土日祝休み★基本定時退社★創業46年の安定企業でキャリア形成
[log: 2021-06-03-23-02-49] 72件目成功 : DSP株式会社 | 初年度年収450万円以上可/産休育休有/大阪府緊急雇用対策に賛同
[log: 2021-06-03-23-02-49] 73件目成功 : フォーザウィン株式会社 | 上流工程から携わる/残業ほぼなし/年休125日/面接1回
[log: 2021-06-03-23-02-49] 74件目成功 : 株式会社夢テクノロジー | 【大阪府緊急雇用対策に賛同】年休120日以上！★未経験歓迎！
[log: 2021-06-03-23-02-49] 75件目成功 : 富国生命保険相互会社 | 経営安定、待遇・福利厚生充実の企業が中途採用を実施！
[log: 2021-06-03-23-02-49] 76件目成功 : 株式会社FunClock | ◎20代前半が多く活躍中！◎完全週休2日&残業平均4hで働きやすい
[log: 2021-06-03-23-02-49] 77件目成功 : 株式会社アイ・ステーション | 未開拓の新電力事業・40名の社長輩出の実績！
[log: 2021-06-03-23-02-50] 78件目成功 : 株式会社テクノプロ　テクノプロ・デザイン社 | 【東証一部】◆業界売上高No.1グループ企業◆定着率93.5%
[log: 2021-06-03-23-02-50] 79件目成功 : 株式会社アルファシステムズ | 【東証一部上場／49年間黒字経営を継続中】★社員定着率96.4％
[log: 2021-06-03-23-02-50] 80件目成功 : アデコ株式会社 | 「土日祝休み×残業ほぼなし×転勤なし」でオフ充実
[log: 2021-06-03-23-02-50] 81件目成功 : 株式会社ドラッグストアモリ | ★創業から”ずっと”業績右肩上がり！今も安定して業績好調！
[log: 2021-06-03-23-02-50] 82件目成功 : 株式会社VSN | ◆先端IT領域で事業拡大中 ◆残業17h ◆副業可 ◆残業代満額支給
[log: 2021-06-03-23-02-50] 83件目成功 : 株式会社アウトソーシングテクノロジー | 新時代に向けた働き方／在宅・テレワーク／PRODESKが成長の味方
[log: 2021-06-03-23-02-50] 84件目成功 : 株式会社テクノプロ　テクノプロ・デザイン社 | 【東証一部】◆取引先861社◆WEB面接OK◆定着率93.5%
[log: 2021-06-03-23-02-50] 85件目成功 : 株式会社テクノプロ　テクノプロ・デザイン社 | 【東証一部】◆取引先861社◆WEB面接OK◆定着率93.5%
[log: 2021-06-03-23-02-51] 86件目成功 : IFS株式会社 | ★リモートワーク（全体の約80%）★産業医による抗体検査も可能
[log: 2021-06-03-23-02-51] 87件目成功 : 株式会社アビリティ | 【第二創業期】◆リモートワーク（8割）◆年休125日◆残業月10H
[log: 2021-06-03-23-02-51] 88件目成功 : 株式会社アスページ | ★定着率92％★年1回海外or国内旅行★年休123日★20名採用
[log: 2021-06-03-23-02-51] 89件目成功 : パーソルエクセルHRパートナーズ株式会社 | 【旧社名：パーソル パナソニック HRパートナーズ株式会社】
[log: 2021-06-03-23-02-51] 90件目成功 : UBAY株式会社 | 友人紹介で繋がり今や社員60名！業績好調につきマイナビで初募集
[log: 2021-06-03-23-02-51] 91件目成功 : EBA株式会社 | ◆IT業界全上場企業含む3,980社中「20位」のホワイト企業！※
[log: 2021-06-03-23-02-51] 92件目成功 : アイサン建設株式会社 | ＼東海エリアで業界トップクラス／◎転勤ナシ ◎残業少なめ
[log: 2021-06-03-23-02-52] 93件目成功 : 株式会社マジオネット | 《 中途社員は100％未経験スタート！異業種出身者も多数！》
[log: 2021-06-03-23-02-52] 94件目成功 : 税理士法人江崎総合会計 | ＜30～40代の男性社員活躍中◎＞年間休日120日以上
[log: 2021-06-03-23-02-52] 95件目成功 : 株式会社システナ | ★東証一部上場 ★5/29にマイナビ転職フェア新宿に出展します！
[log: 2021-06-03-23-02-52] 96件目成功 : 株式会社エスユーエス | 【マザーズ上場】前職から給与アップの実績多数/残業月平均19.4h
[log: 2021-06-03-23-02-52] 97件目成功 : 株式会社エスユーエス | 【マザーズ上場】自社ラボでの研究開発も強み/残業月平均19.4h
[log: 2021-06-03-23-02-55] 98件目成功 : ALH株式会社 | 【横浜事業所】で『第2期ブーストメンバー』を10名以上大募集！
[log: 2021-06-03-23-02-56] 99件目成功 : 株式会社野村総合研究所 | （NRI） 東証一部上場★海外研修など豊富な研修制度あり
[log: 2021-06-03-23-02-56] 100件目成功 : Y&I Group株式会社 | 【定着率96％/在宅勤務導入/賞与あり/年休125日/残業月10H以下】
[log: 2021-06-03-23-02-56] 101件目成功 : 有限会社金川建設 | ＼安定の黒字経営を継続中！／働き方：お休み＆給与を選べます◎
[log: 2021-06-03-23-02-57] 102件目成功 : 岡山機設株式会社 | 《設立約40年》◆評価も公正：頑張りは給与・ポストで還元します
[log: 2021-06-03-23-02-57] 103件目成功 : 株式会社ISS | ★未経験・経験者とも歓迎★設立以来13期連続黒字★年1回9連休
[log: 2021-06-03-23-02-57] 104件目成功 : 日鉄ソリューションズ株式会社 | 東証一部上場・[旧]新日鉄住金ソリューションズ株式会社
[log: 2021-06-03-23-02-57] 105件目成功 : デロイト トーマツ コンサルティング合同会社
[log: 2021-06-03-23-02-58] 106件目成功 : 日鉄ソリューションズ株式会社 | 東証一部上場・[旧]新日鉄住金ソリューションズ株式会社
[log: 2021-06-03-23-02-58] 107件目成功 : 株式会社フォーラムエンジニアリング | 東証一部上場／エンジニア専門転職サイト「コグナビ」運営会社
[log: 2021-06-03-23-02-58] 108件目成功 : 九鉄工業株式会社 | 完全週休2日制(土日祝休み) / 賞与年5.0ヶ月分(2020年度)
[log: 2021-06-03-23-02-58] 109件目成功 : 株式会社テクトン | 「未経験で心配・・・」そんなあなたを応援する会社
[log: 2021-06-03-23-02-58] 110件目成功 : 株式会社ベアフォスターホールディングス | ★残業月平均10H ★年間休日130日 ★土日祝休み ★賞与年2回
[log: 2021-06-03-23-02-58] 111件目成功 : 株式会社スタッフサービス | エンジニアリング事業本部
[log: 2021-06-03-23-02-59] 112件目成功 : 株式会社 羽田情報 | ★完週休2日※土日★年休133日★23区勤務★残業10～20h
[log: 2021-06-03-23-02-59] 113件目成功 : 株式会社スタッフサービス | 服装自由・ネイルOKも選べる★土日祝休み★充実の研修制度
[log: 2021-06-03-23-02-59] 114件目成功 : 株式会社エスアイイー | ★ITスクール運営★未経験率90％★資格取得率95％★上京支援あり
[log: 2021-06-03-23-02-59] 115件目成功 : 株式会社PE-BANK | ◆案件5万件越 ◆日本最大級の総合ITフリーランスサポート企業
[log: 2021-06-03-23-02-59] 116件目成功 : コンピューターサイエンス株式会社 | 創業36年目／社員の声に耳を傾けます／充実した教育×正当な評価
[log: 2021-06-03-23-02-59] 117件目成功 : 豊ハイテック株式会社 | 【トヨタグループ／ジェイテクト100％出資】
[log: 2021-06-03-23-02-59] 118件目成功 : 株式会社銚子丸 | 【JASDAQ上場】土日休み・賞与年2回+決算賞与有・福利厚生充実
[log: 2021-06-03-23-02-59] 119件目成功 : 株式会社陽幸 | リフレッシュ休暇+有給休暇／昨年の賞与5ヶ月分／完全週休2日
[log: 2021-06-03-23-03-00] 120件目成功 : 株式会社エージェンテック | JR東日本・テレビ東京・九州電力などの有名企業が導入！
[log: 2021-06-03-23-03-00] 121件目成功 : アクセンチュア株式会社 | 「女性が活躍する会社Best100」総合2位★育休取得・復帰実績多数
[log: 2021-06-03-23-03-00] 122件目成功 : 日本ウェブサービス株式会社 | ～9期連続増収増益！“社員想い”を次々にカタチにする会社～
[log: 2021-06-03-23-03-00] 123件目成功 : 株式会社インテリジェンス | #転勤なし #パッケージ導入に強み #年収1000万円が目指せる！
[log: 2021-06-03-23-03-00] 124件目成功 : パーソルエクセルHRパートナーズ株式会社 | 年休120日以上｜年収400万以上可能｜残業ほぼなし｜社員雇用前提
[log: 2021-06-03-23-03-00] 125件目成功 : 株式会社アイビス | 大阪支社★人気アプリ「ibisPaint」1億4千万ダウンロード数突破
[log: 2021-06-03-23-03-00] 126件目成功 : 株式会社ココロザシ | 年収例：600万円(入社1年・27歳)／700万円(入社1年・30歳)
[log: 2021-06-03-23-03-00] 127件目成功 : 株式会社東横イン | ★広島駅スタジアム前はオープニング募集 ★年間休日170日以上
[log: 2021-06-03-23-03-01] 128件目成功 : キャリアリンクファクトリー株式会社 | 東証一部上場のキャリアリンクグループ｜20代で年収600万円可能
[log: 2021-06-03-23-03-01] 129件目成功 : 株式会社アークシステム | 【プライム案件多数／大手企業と直接取引】★残業月20時間未満
[log: 2021-06-03-23-03-01] 130件目成功 : 株式会社ティーネットジャパン | ★40期以上黒字の安定性/大手ベンダー・エンドユーザ企業直取引
[log: 2021-06-03-23-03-01] 131件目成功 : 株式会社アンスール | Java開発案件をはじめ、最新言語での開発やゲーム開発案件も！
[log: 2021-06-03-23-03-01] 132件目成功 : 株式会社プラウドフロー | 【モバイルに注力の第二創業期、始動】年休125日/残業月平均14h
[log: 2021-06-03-23-03-01] 133件目成功 : 松吉建設株式会社 | ★自社開発マンションを数多く施工販売！業績も右肩上がり★
[log: 2021-06-03-23-03-01] 134件目成功 : 株式会社モスストアカンパニー | 【モスバーガーチェーン本部100%出資】賞与年2回/地域限定可
[log: 2021-06-03-23-03-01] 135件目成功 : 株式会社アイビス | 《 転勤なし 》お絵かきアプリ「ibisPaint」が1億3000万DL突破！
[log: 2021-06-03-23-03-02] 136件目成功 : 託一株式会社 | 『 上場 』目指して成長中！バックオフィスをサポートして下さい
[log: 2021-06-03-23-03-02] 137件目成功 : 医療法人相生会 | 残業少なめ&完全週休2日制の病院も！メリハリのある働き方が可能
[log: 2021-06-03-23-03-02] 138件目成功 : 株式会社クォンタムアステリア | 【未経験大歓迎のレア求人！】年休125日★土日祝休★残業月9.15h
[log: 2021-06-03-23-03-02] 139件目成功 : システム・エボリューション株式会社 | 働きやすさ抜群！平均有給取得実績10日！男女の産/育休実績あり
[log: 2021-06-03-23-03-02] 140件目成功 : 株式会社ジェイテック | 【毎年、増収増益で黒字経営】★残業月平均11h ★完全週休2日制
[log: 2021-06-03-23-03-02] 141件目成功 : 株式会社 ソリューション・アンド・テクノロジー | ■年休126日■勤務時間・勤務スタイル自由！テレワークもOK
[log: 2021-06-03-23-03-02] 142件目成功 : 株式会社アイエム | 最先端技術を学び「市場価値の高い人材」にスキルアップ可能
[log: 2021-06-03-23-03-02] 143件目成功 : 日本福祉サービス株式会社 | 《創業から5年連続で120～140％の成長を継続中》
[log: 2021-06-03-23-03-03] 144件目成功 : ヤマコー株式会社 | 社会貢献度抜群！生活用品の専用メーカー★年間休日110日★
[log: 2021-06-03-23-03-03] 145件目成功 : 株式会社 JYP エンターテインメント・ジャパン | ★J.Y. Park・2PM・TWICE・Stray Kids・NiziUなどが所属★
[log: 2021-06-03-23-03-03] 146件目成功 : 株式会社アウトソーシングテクノロジー | SS事業本部ｌ東証一部上場企業グループ／土日祝休み／残業少なめ
[log: 2021-06-03-23-03-03] 147件目成功 : 株式会社3CA | リモートワークもOK：土日休み・年休125日・残業月平均11.5時間
[log: 2021-06-03-23-03-06] 148件目成功 : ALH株式会社 | 【WEBで内定可】土日祝休／住宅・資格補助有／定着率90%超
[log: 2021-06-03-23-03-07] 149件目成功 : 株式会社クレディセゾン | 【東証一部上場】セゾンカードの会社/残業基本なし/年休120日
[log: 2021-06-03-23-03-07] 150件目成功 : 株式会社林工組 | 【創業85年以上】◇賞与5.75ヵ月◇原則土日休み◇面接交通費支給
[log: 2021-06-03-23-03-07] 151件目成功 : 株式会社NECT | 《社員ファーストを目指す会社》★入社半年後の平均月収37.1万円
[log: 2021-06-03-23-03-07] 152件目成功 : 株式会社アウトソーシングテクノロジー | SS事業本部ｌWEB面接OK/年間休日123日/残業少なめ/研修環境あり
[log: 2021-06-03-23-03-08] 153件目成功 : 株式会社セルア | 大阪府緊急雇用対策に賛同｜土日の完全週休2日で年間休日123日！
[log: 2021-06-03-23-03-08] 154件目成功 : 株式会社アクロビジョン | 《社員ファースト企業》★定着率90％ ★Web面接1回で内定！
[log: 2021-06-03-23-03-08] 155件目成功 : 株式会社カーネルジャパン | ★土日祝休み★年休125日以上★残業月20h以下★20代活躍中
[log: 2021-06-03-23-03-08] 156件目成功 : 株式会社SHIFT | 東証一部上場／9年連続増収／在宅勤務あり／平均年間休日130日
[log: 2021-06-03-23-03-08] 157件目成功 : 株式会社KSEシステムクリエイト | 年休128日*土日祝休み*残業少*WEB面接＆テレワークも実施中！
[log: 2021-06-03-23-03-09] 158件目成功 : フルウィル株式会社 | ★年間休日130日★残業ほぼなし★入社時に年収180万円増の実績有
[log: 2021-06-03-23-03-09] 159件目成功 : 株式会社Lincs | 年休125日以上★半数以上がリモート案件★自分で案件を選べる
[log: 2021-06-03-23-03-09] 160件目成功 : 株式会社SHIFT | 東証一部上場★プライム比率80％超！在宅勤務あり！
[log: 2021-06-03-23-03-09] 161件目成功 : 株式会社レグルカセ | WEB面接OK／年間休日125日／転勤なし／残業少なめ／社員満足度◎
[log: 2021-06-03-23-03-09] 162件目成功 : パーソルエクセルHRパートナーズ株式会社 | 年休120日以上｜残業ほぼ無｜年収400万以上も可能｜社員雇用前提
[log: 2021-06-03-23-03-09] 163件目成功 : 株式会社TheNewGate | 自社サービス有/残業月0～5Ｈ/未経験OK/研修6ヶ月/平均年齢26歳
[log: 2021-06-03-23-03-09] 164件目成功 : 株式会社エージェントゲート | 定着率94%★全員Web面談実施中★年間休日130日
[log: 2021-06-03-23-03-10] 165件目成功 : 株式会社グロリアース | ★転職回数・学歴・年齢不問　★業績好調！環境事業で成長中
[log: 2021-06-03-23-03-10] 166件目成功 : 株式会社テクノプロ　テクノプロ・デザイン社 | 東証一部◆上流比率75％◆業界シェアNo.1(グループ売上高)
[log: 2021-06-03-23-03-10] 167件目成功 : 株式会社エージェントゲート | 定着率94%★Web面談実施中★年収120万UPでスタートの経験者も！
[log: 2021-06-03-23-03-10] 168件目成功 : 株式会社エージェントゲート | Web面談実施中★年間休日130日★Python／Java／Rubyなど案件多数
[log: 2021-06-03-23-03-10] 169件目成功 : パーソルテンプスタッフ株式会社 | 大阪府緊急雇用対策に賛同/賞与年2回★研修充実★在宅ワークあり
[log: 2021-06-03-23-03-10] 170件目成功 : ALH株式会社 | 《WEB面接・在宅研修実施中》未経験入社9割｜年休120日以上
[log: 2021-06-03-23-03-10] 171件目成功 : ピセ株式会社 | 在宅勤務制度あり／幅広い事業領域の安定企業／働きやすさも追求
[log: 2021-06-03-23-03-10] 172件目成功 : 株式会社ビルディング企画 | 年休120日(土日祝休)／残業月25ｈでプライベートも充実◎
[log: 2021-06-03-23-03-11] 173件目成功 : FJ Solutions株式会社 | グローバルメディアを中心に事業を展開！
[log: 2021-06-03-23-03-11] 174件目成功 : 株式会社WiZ | ★年休120日以上 ★定着率90％以上 ★面接1回 ★20代活躍中
[log: 2021-06-03-23-03-11] 175件目成功 : 三角商事株式会社 | ＼ 業績好調 ／ 将来の幹部候補を育てていきます！
[log: 2021-06-03-23-03-11] 176件目成功 : 華建築株式会社 | こだわりの家づくりを貫く滋賀のハウスビルダー／残業少なめ
[log: 2021-06-03-23-03-11] 177件目成功 : 株式会社テクノスイコー | ◎LINE面接も実施中！◎高い定着率♪<大阪府緊急雇用対策に賛同>
[log: 2021-06-03-23-03-11] 178件目成功 : サンライズシステム株式会社 | 〈創立38年の信頼〉年休125日◆残業月10h◆入社時年収80万UP例有
[log: 2021-06-03-23-03-11] 179件目成功 : 株式会社 One's Will | ★残業月10h程度★転勤なし★在宅ワークあり★産・育休あり
[log: 2021-06-03-23-03-11] 180件目成功 : 株式会社テクトン | WEB面接可／年間休日125日／土日祝休み／残業少なめ
[log: 2021-06-03-23-03-12] 181件目成功 : 有限会社天平フーズ | 【天平グループ】百貨店・イオン・イトーヨーカ堂など大手と取引
[log: 2021-06-03-23-03-12] 182件目成功 : アルユーアイ株式会社 | ★給与UP保証★完全週休2日(土日)★年休126日★残業10時間以内
[log: 2021-06-03-23-03-12] 183件目成功 : 株式会社ウィルオブ・ワーク | 東証一部上場グループ企業◆4年連続で健康経営優良法人に認定
[log: 2021-06-03-23-03-12] 184件目成功 : パーソルエクセルHRパートナーズ株式会社 | 年休120日以上｜残業ほぼ無｜年収400万以上も可能｜社員雇用前提
[log: 2021-06-03-23-03-12] 185件目成功 : 株式会社インターフェイス | ★設立40年★土日祝休み★残業少なめ★退職金制度有★面接1回
[log: 2021-06-03-23-03-12] 186件目成功 : 株式会社アイ・ステーション | 未開拓の新電力事業・40名の社長輩出の実績！
[log: 2021-06-03-23-03-12] 187件目成功 : 株式会社京急システム | 京浜急行電鉄株式会社100％出資／京急グループ唯一のIT企業
[log: 2021-06-03-23-03-13] 188件目成功 : 株式会社三鋭システム | 【自社製品で特許取得】★最大20万円赴任補助★男性育休実績有
[log: 2021-06-03-23-03-13] 189件目成功 : 株式会社ラクスパートナーズ | 上場企業グループ/9割が未経験スタート/年休120日以上/残業月10h
[log: 2021-06-03-23-03-13] 190件目成功 : 税理士法人ザイムパートナーズ | 完全来所型／IT化推進で効率化◆フルフレックス勤務で自己裁量大
[log: 2021-06-03-23-03-13] 191件目成功 : 株式会社SHIFT | ◆東証一部上場◆毎年約150％の売上高成長率を継続中◆
[log: 2021-06-03-23-03-13] 192件目成功 : 株式会社アライブ．ｃｏｍ | 入社祝金10万円★年休130日★開発経験3年以上の方は全員面接!
[log: 2021-06-03-23-03-13] 193件目成功 : 株式会社ライズイノベーター | *年休134日*土日祝休み*面接1回*開発経験1年以上の方は全員面接
[log: 2021-06-03-23-03-13] 194件目成功 : パーソルワークスデザイン株式会社 | 【宮崎限定募集】 2021年5月9日マイナビ転職フェア宮崎に出展！
[log: 2021-06-03-23-03-14] 195件目成功 : 株式会社モバイルコミュニケーションズ | リモート面接可／国家資格取得可能／転勤なし／定着率90％
[log: 2021-06-03-23-03-14] 196件目成功 : ALLAGI株式会社 | （アレジ）Instagramでも情報発信中！個性を尊重する社風です◎
[log: 2021-06-03-23-03-14] 197件目成功 : 株式会社アイビネット | 未経験歓迎／年間休日125日／社内イベント多数
[log: 2021-06-03-23-03-18] 198件目成功 : アイコムシステック株式会社 | 東証1部企業グループ★残業月15h以下★年末年始に最大16連休OK
[log: 2021-06-03-23-03-18] 199件目成功 : 株式会社YAZ | 大手直取引★福利厚生充実！テレワーク環境整備手当、退職金etc.
[log: 2021-06-03-23-03-18] 200件目成功 : 株式会社ルイーダアカデミー | ◎リモートワーク実施中◎完全週休2日（土・日）◎経験浅OK
[log: 2021-06-03-23-03-18] 201件目成功 : 株式会社日本ビジネスデータープロセシングセンター | ★コロナに揺るがない安定経営／ワークライフバランス◎
[log: 2021-06-03-23-03-18] 202件目成功 : 株式会社NECT | ★社員ファーストを目指す安定＆成長企業★社員平均月収37.1万円
[log: 2021-06-03-23-03-19] 203件目成功 : 株式会社京進 | 東証二部上場
[log: 2021-06-03-23-03-19] 204件目成功 : 公益財団法人日本相撲協会 | ＜国技である大相撲を一緒に支えませんか？＞
[log: 2021-06-03-23-03-19] 205件目成功 : 株式会社EMD | 年間130日休,完全土日祝休,リモートワーク導入率80％,WEB面接OK
[log: 2021-06-03-23-03-19] 206件目成功 : 株式会社ファミリー工房 | 入社前に職場の雰囲気をしっかり知れるから安心感◎
[log: 2021-06-03-23-03-19] 207件目成功 : QUICK VIETNAM Co.,Ltd.
[log: 2021-06-03-23-03-19] 208件目成功 : 日本航空電子工業株式会社 | JAE【東証一部上場】
[log: 2021-06-03-23-03-20] 209件目成功 : KOSE Corporation India Pvt. Ltd.
[log: 2021-06-03-23-03-20] 210件目成功 : 株式会社広真アド | 【創業30年/教育業界に特化した総合広告会社/転勤なし/社員のスキルアップを積極支援】
[log: 2021-06-03-23-03-20] 211件目成功 : 株式会社ディスコ | 東証一部上場◆「働きがいのある会社ランキング」に13年連続選出
[log: 2021-06-03-23-03-20] 212件目成功 : エナックス株式会社 | 大和證券グループ傘下の優良企業！黒字経営継続中！★土日祝休み
[log: 2021-06-03-23-03-21] 213件目成功 : 株式会社インターナショナル・フィナンシャル・アカウンティング | <顧問先増加で安定成長中！>★フレックスタイム制・時差出勤もOK
[log: 2021-06-03-23-03-21] 214件目成功 : 社会福祉法人どろんこ会 | 【全国120以上の保育園展開】◆経験に応じて活躍可 ◆週2日在宅
[log: 2021-06-03-23-03-21] 215件目成功 : 倉敷青果荷受組合 | 【クラカグループ】創業89年の”青果物専門商社 兼 メーカー”
[log: 2021-06-03-23-03-21] 216件目成功 : オムロン エキスパートリンク株式会社 | 【東証一部上場！オムロンのグループ会社】有給平均14.9日取得
[log: 2021-06-03-23-03-21] 217件目成功 : 株式会社ITZマーケティング | ★ 転勤なし／フレックス制／有給消化率98％ ★
[log: 2021-06-03-23-03-21] 218件目成功 : 株式会社プロビズモ | 2年連続ユースエール認定／残業月平均12h以内／長期休暇取得柔軟
[log: 2021-06-03-23-03-22] 219件目成功 : 株式会社アクアエンタープライズ | ☆資格取得支援制度充実！講習会費用は会社負担＆資格手当支給！
[log: 2021-06-03-23-03-22] 220件目成功 : 株式会社ソフィア・リンクス | 「ITって何の略？」なんてレベルから、上限解放しませんか？
[log: 2021-06-03-23-03-22] 221件目成功 : 株式会社シー・アイ・エス | ★中途入社全員が前職より年収UP！★年休125日 ★有給消化率80%
[log: 2021-06-03-23-03-22] 222件目成功 : 株式会社コンサルリンク | ★2017年設立のベンチャー企業 ※大阪府緊急雇用対策に賛同
[log: 2021-06-03-23-03-22] 223件目成功 : 株式会社浦松建設 | 【大分の暮らしを支える総合建設会社】★女性も多数活躍中★
[log: 2021-06-03-23-03-22] 224件目成功 : 甲神電機株式会社 | 【創業54年／地域トップクラスの働きやすさ】完全週休2日制
[log: 2021-06-03-23-03-23] 225件目成功 : 株式会社アクセル | ★土日休み ★年間休日120日 ★残業月15H以内 ★賞与年2回
[log: 2021-06-03-23-03-23] 226件目成功 : 座間英明会計事務所 | 一つひとつ教えます！カリキュラムが組まれた安心の研修あり★
[log: 2021-06-03-23-03-23] 227件目成功 : AJ・Flat株式会社 | ◆ 前職給与110％以上｜月給27万円以上｜受託開発あり ◆
[log: 2021-06-03-23-03-23] 228件目成功 : 株式会社NTTデータ関西 | 【関西トップクラスのSIer】※年間休日122日 ※残業平均月21.3h
[log: 2021-06-03-23-03-23] 229件目成功 : 株式会社Vitalize | 4期連続で売上高150％成長を継続◆社会問題の解決に挑戦する会社
[log: 2021-06-03-23-03-23] 230件目成功 : 株式会社Enjin | 社員の士気ランキング業界No.2（OpenWork調べ 2020年4/1時点)
[log: 2021-06-03-23-03-24] 231件目成功 : 有限会社エムケイ防災 | 桶川駅から徒歩5分！"暮らしの安心"を支える仕事だから安定感◎
[log: 2021-06-03-23-03-24] 232件目成功 : 株式会社ベイカレント・コンサルティング | 東証一部上場
[log: 2021-06-03-23-03-24] 233件目成功 : 社会福祉法人愛徳福祉会 | 経験者優遇｜完全週休2日｜残業月5h｜大阪府緊急雇用対策に賛同
[log: 2021-06-03-23-03-24] 234件目成功 : 久納公認会計士事務所 | ＜ 栄ロフトすぐ、矢場公園が目の前の職場 ＞★20-30代活躍中！
[log: 2021-06-03-23-03-24] 235件目成功 : アビームコンサルティング株式会社
[log: 2021-06-03-23-03-25] 236件目成功 : 株式会社オンテック | #最先端の開発試作専業メーカー　取引先は上場企業
[log: 2021-06-03-23-03-25] 237件目成功 : 高田・志内 税理士法人 | #税理士を目指せる環境 #土日祝休み #残業月20時間程度
[log: 2021-06-03-23-03-25] 238件目成功 : セントラルリーシングシステム株式会社 | 【売上139億円超の安定基盤】道内をリードする総合デベロッパー
[log: 2021-06-03-23-03-25] 239件目成功 : 株式会社ワールドスポーツ | 業績好調★グローブライド(東証一部上場企業)の100％出資子会社
[log: 2021-06-03-23-03-25] 240件目成功 : 株式会社コナカ | 東証一部上場：紳士服のコナカ/SUIT SELECT/DIFFERENCEなど展開
[log: 2021-06-03-23-03-25] 241件目成功 : 株式会社マイナビ | 人生の岐路を支えるサービスを提供◎年休125日・完全週休2日制◎
[log: 2021-06-03-23-03-26] 242件目成功 : 株式会社ラクス | 【東証一部上場】CMでおなじみ！自社クラウドサービスを提供
[log: 2021-06-03-23-03-26] 243件目成功 : 野村不動産ソリューションズ株式会社 | 野村不動産グループ【健康経営優良法人(ホワイト500)に認定】
[log: 2021-06-03-23-03-26] 244件目成功 : ビジネスエンジニアリング株式会社 | 東証一部上場｜3年連続・過去最高益を更新中｜プライム案件85%
[log: 2021-06-03-23-03-26] 245件目成功 : 株式会社小田急フィナンシャルセンター | 【小田急電鉄100%出資】◆完全週休2日制（土日）◆賞与年2回支給
[log: 2021-06-03-23-03-26] 246件目成功 : RGF Select India Private Limited
[log: 2021-06-03-23-03-27] 247件目成功 : YAMAZEN VIETNAM CO., LTD. | 東証一部上場・株式会社山善のベトナム現地法人
[log: 2021-06-03-23-03-30] 248件目成功 : 株式会社ブライエ | 【JASDAQ上場グループ】34年黒字経営/土日祝休/年休125日以上
[log: 2021-06-03-23-03-30] 249件目成功 : 農林中央金庫
[log: 2021-06-03-23-03-30] 250件目成功 : アクサス株式会社 | インフラ・アプリ開発/新規立上げ/年休125日以上/テレワーク有り
[log: 2021-06-03-23-03-31] 251件目成功 : 株式会社 奈良屋 | [奈良屋][湯端草菴][源泉一乃湯][湯川テラス]を運営
[log: 2021-06-03-23-03-31] 252件目成功 : 株式会社フルタイムシステム | 土日祝休み/原則定時退社/宅配ボックス業界35期連続シェアトップ
[log: 2021-06-03-23-03-31] 253件目成功 : ICONIC CO., LTD. | ”海外発”アジア・グローバルキャリアの転職サポート会社です！
[log: 2021-06-03-23-03-32] 254件目成功 : 株式会社東急コミュニティー | 東急不動産ホールディングス株式会社（東証一部上場）のグループ
[log: 2021-06-03-23-03-32] 255件目成功 : 住友重機械工業株式会社 | ＜東証1部上場＞
[log: 2021-06-03-23-03-32] 256件目成功 : 株式会社ハートフレンド | 総合食品スーパー『フレスコ』を運営／京都本社からの転勤なし
[log: 2021-06-03-23-03-32] 257件目成功 : HRNAVI JOINT STOCK COMPANY | ベトナムでの転職に特化した人材紹介会社です！
[log: 2021-06-03-23-03-32] 258件目成功 : 株式会社日本ビジネスデータープロセシングセンター | 年休120日以上｜原則定時退社｜中途3年間の定着率90％以上
[log: 2021-06-03-23-03-33] 259件目成功 : コスモ・サイエンス株式会社 | ＜三菱電機グループと直取引をする安定企業＞★名古屋駅徒歩10分
[log: 2021-06-03-23-03-33] 260件目成功 : サン・ライズ・システムズ株式会社 | ◆年間休日120日 ◆完全土日祝休み ◆在宅勤務OK ◆産育休あり
[log: 2021-06-03-23-03-33] 261件目成功 : 農林中央金庫
[log: 2021-06-03-23-03-33] 262件目成功 : 株式会社ひまわりほーむ | ＼CMでお馴染み／　残業月平均15時間&手当など福利厚生も充実◎
[log: 2021-06-03-23-03-33] 263件目成功 : 株式会社キーワードジャパン | 【健康優良企業認定】創業から30年間、無借金の黒字経営継続中
[log: 2021-06-03-23-03-33] 264件目成功 : 株式会社アミパラ | 《いつも笑顔で働ける職場！》賞与実績6ヶ月分／年休実質120日～
[log: 2021-06-03-23-03-34] 265件目成功 : 株式会社コーエーテクモゲームス | 東証一部上場★コーエーテクモグループ
[log: 2021-06-03-23-03-34] 266件目成功 : 株式会社トーケミ | 設立以来黒字経営を継続するメーカー｜大阪府緊急雇用対策に賛同
[log: 2021-06-03-23-03-34] 267件目成功 : 株式会社日本総合研究所 | SMBCグループ
[log: 2021-06-03-23-03-34] 268件目成功 : TSRソリューションズ株式会社 | 設立以来12期連続黒字経営！20～40代活躍中◎自社内開発
[log: 2021-06-03-23-03-35] 269件目成功 : 株式会社J Institute | メディア掲載多数★男女育休取得実績あり★外部セミナー費用補助
[log: 2021-06-03-23-03-35] 270件目成功 : 日本テクノ株式会社 | ◆経団連会員企業◆えるぼし認定企業◆TOKYO働き方改革宣言企業
[log: 2021-06-03-23-03-35] 271件目成功 : 株式会社トライアルカンパニー | ◆17年連続売上UPを続ける成長企業　◆TVにも取り上げられました
[log: 2021-06-03-23-03-35] 272件目成功 : ハイテクシステム株式会社 | 【独立系総合型IT企業TCSグループ】◆創業以来黒字経営
[log: 2021-06-03-23-03-35] 273件目成功 : 國際株式會社 | 創業71年《國際グループ》◆完全週休2日／残業月30時間以内
[log: 2021-06-03-23-03-36] 274件目成功 : 株式会社サンライズ・アカウンティング・インターナショナル | ★完全週休2日★土日祝休★Web面接可能
[log: 2021-06-03-23-03-36] 275件目成功 : 株式会社日本総合研究所 | SMBCグループ
[log: 2021-06-03-23-03-36] 276件目成功 : 株式会社ダイヤモンドパーソネル | 【三菱電機グループ】年休125日／定着率95％／WEB面接を実施中！
[log: 2021-06-03-23-03-36] 277件目成功 : 株式会社ハウステックス | ★創業33年 ★地域密着の経営・転勤なし ★賞与年2回
[log: 2021-06-03-23-03-36] 278件目成功 : 株式会社GOOYA | 正社員採用 │ 営業担当の丁寧なフォロー体制も特長です
[log: 2021-06-03-23-03-36] 279件目成功 : 株式会社日本総合研究所 | SMBCグループ
[log: 2021-06-03-23-03-37] 280件目成功 : 株式会社京都リゾーツマネジメント | 2019年OPEN！ホテル「アマン京都」｜転勤無｜基本土日祝休み
[log: 2021-06-03-23-03-37] 281件目成功 : 株式会社ソニー・ミュージックエンタテインメント | 【応募締め切り】2021年6月10日（木）★正社員登用制度あり！
[log: 2021-06-03-23-03-37] 282件目成功 : メモリーハウス株式会社 | 完全週休2日(土日祝)／残業少なめ／社内副業制度あり
[log: 2021-06-03-23-03-37] 283件目成功 : エクスコムグローバル株式会社 | ★レア募集 ★クリニック事業が急成長中
[log: 2021-06-03-23-03-37] 284件目成功 : 大坪電気株式会社 | 完全週休2日制・土日休み・年休120日以上・残業少なめ
[log: 2021-06-03-23-03-38] 285件目成功 : フューチャーアーキテクト株式会社
[log: 2021-06-03-23-03-38] 286件目成功 : トランスコスモス株式会社 | 【東証一部上場】長崎県の雇用・経済に貢献！UIJターンも歓迎！
[log: 2021-06-03-23-03-38] 287件目成功 : 株式会社三菱UFJ銀行 | （旧社名：株式会社三菱東京UFJ）
[log: 2021-06-03-23-03-38] 288件目成功 : 株式会社コーエーテクモゲームス | 東証一部上場★コーエーテクモグループ
[log: 2021-06-03-23-03-39] 289件目成功 : フューチャーアーキテクト株式会社
[log: 2021-06-03-23-03-39] 290件目成功 : パーソルテンプスタッフ株式会社 | ★土日祝日休み★残業少なめ★賞与年2回＆月給制★研修も充実◎
[log: 2021-06-03-23-03-39] 291件目成功 : 株式会社ウィズウェイ | 在宅・テレワーク導入中／残業月1h／有給消化率高水準
[log: 2021-06-03-23-03-39] 292件目成功 : フューチャーアーキテクト株式会社
[log: 2021-06-03-23-03-39] 293件目成功 : いすゞ自動車株式会社
[log: 2021-06-03-23-03-40] 294件目成功 : 株式会社三菱UFJ銀行
[log: 2021-06-03-23-03-40] 295件目成功 : TIS株式会社 | 東証一部上場◆国内最大級プライムSIer◆サービス事業拡大中
[log: 2021-06-03-23-03-40] 296件目成功 : フューチャーアーキテクト株式会社
[log: 2021-06-03-23-03-40] 297件目成功 : フューチャーアーキテクト株式会社
[log: 2021-06-03-23-03-44] 298件目成功 : 株式会社ソルコム | 【大阪オフィスのコアメンバー募集】◆転勤なし◆テレワーク実践
[log: 2021-06-03-23-03-44] 299件目成功 : 株式会社コーエーテクモゲームス | 東証一部上場★コーエーテクモグループ
[log: 2021-06-03-23-03-45] 300件目成功 : パブリック株式会社 | ＼マイナビ転職・初掲載／◎基本土日休 ◎年休115日 ◎賞与年3回
[log: 2021-06-03-23-03-45] 301件目成功 : 株式会社アンドテック | 1998年設立◇大手ベンダー・SIer・ユーザー企業各社と幅広く取引
[log: 2021-06-03-23-03-45] 302件目成功 : 三井住友信託銀行株式会社
[log: 2021-06-03-23-03-45] 303件目成功 : 株式会社野村総合研究所 | （NRI）【東証一部上場】
[log: 2021-06-03-23-03-46] 304件目成功 : セイコーエプソン株式会社 | 東証一部上場◇年間休日127日◇社宅・保養所など福利厚生充実
[log: 2021-06-03-23-03-46] 305件目成功 : 株式会社野村総合研究所 | （NRI）【東証一部上場】
[log: 2021-06-03-23-03-46] 306件目成功 : アデコ株式会社 | Modis事業本部 ――◇IoT・AI・5Gなど話題のプロジェクト多数
[log: 2021-06-03-23-03-46] 307件目成功 : 株式会社グリーンズ | ■東証・名証一部上場【WEB面接も実施中】
[log: 2021-06-03-23-03-46] 308件目成功 : 株式会社マイナビ | 人材領域に限らず、日本企業が抱える課題解決の為に新事業を展開
[log: 2021-06-03-23-03-46] 309件目成功 : 株式会社スパークル | 【 岐阜・愛知でクリーニング店を展開／海外のサービスも導入 】
[log: 2021-06-03-23-03-47] 310件目成功 : 株式会社エスリアン | ＜20～30代活躍中＞経験が浅くてもOK／第二新卒歓迎／女性活躍中
[log: 2021-06-03-23-03-47] 311件目成功 : 株式会社グローバー | 【毎年105％～110％売上増の成長企業】◆年3回の長期連休あり
[log: 2021-06-03-23-03-47] 312件目成功 : 株式会社ニューコーポレーション | 【草津ナウリゾートホテル】草津は18年連続日本温泉100選1位(※)
[log: 2021-06-03-23-03-47] 313件目成功 : 株式会社アッカ・インターナショナル | 【大和ハウスグループ】アパレルや雑貨など有名ブランドを支える
[log: 2021-06-03-23-03-48] 314件目成功 : リンクラフト株式会社 | 【Lincraft,Inc.】◇Web・ゲーム・アプリ開発◇WEB面接実施中
[log: 2021-06-03-23-03-48] 315件目成功 : 株式会社ニューコーポレーション | 【草津ナウリゾートホテル】グループ年商16億円以上
[log: 2021-06-03-23-03-48] 316件目成功 : 株式会社アシスト | 【安定した経営基盤！NECグループの企業と取引！】
[log: 2021-06-03-23-03-48] 317件目成功 : 株式会社夢テクノロジー | 【大阪府緊急雇用対策に賛同】★年休120日以上！★残業少なめ
[log: 2021-06-03-23-03-48] 318件目成功 : 伊藤忠テクノソリューションズ株式会社 | (CTC)
[log: 2021-06-03-23-03-49] 319件目成功 : 伊藤忠テクノソリューションズ株式会社 | (CTC)
[log: 2021-06-03-23-03-49] 320件目成功 : 株式会社ブッシュクロフィード | 経験豊富なあなたを”部長補佐”としてお迎えします★
[log: 2021-06-03-23-03-49] 321件目成功 : 株式会社シードソリューションズ | <定着率高め>★年休120日超&土日祝休み★残業少なめ★在宅勤務OK
[log: 2021-06-03-23-03-49] 322件目成功 : 株式会社HOKUSHIN | 大手製造工場とも取引。コロナ禍でも安定成長中です！
[log: 2021-06-03-23-03-49] 323件目成功 : 東レ株式会社 | 世界26ヶ国・地域に拠点展開◆連結売上高23,000億円超
[log: 2021-06-03-23-03-49] 324件目成功 : 南総通運株式会社 | 《JASDAQ上場》賞与年2回・持株会や退職金など福利厚生充実
[log: 2021-06-03-23-03-49] 325件目成功 : アークシステム株式会社 | 横浜エリアで成長を続けるシステム開発会社／在宅勤務可能
[log: 2021-06-03-23-03-50] 326件目成功 : ディグ株式会社 | 「人材×エンタメ」事業を軸に、新たな事業を展開中！
[log: 2021-06-03-23-03-50] 327件目成功 : 株式会社受験ドクター | ★20代男女活躍中 ★働き方改革推進中 ★1次面接はWebで実施
[log: 2021-06-03-23-03-50] 328件目成功 : 株式会社インターネットイニシアティブ
[log: 2021-06-03-23-03-50] 329件目成功 : 東急少額短期保険株式会社 | 【東急グループ】土日祝休み／フレックス&在宅も可能
[log: 2021-06-03-23-03-50] 330件目成功 : 富士ソフト株式会社 | 東証一部上場 ◆完全週休2日！柔軟な働き方もOK！
[log: 2021-06-03-23-03-50] 331件目成功 : 富士ソフト株式会社 | 東証一部上場 ◆完全週休2日！柔軟な働き方もOK！
[log: 2021-06-03-23-03-51] 332件目成功 : 株式会社ホンダカーズ石見 | 島根県内に3店舗を運営｜残業月平均10時間以下｜報奨金制度あり
[log: 2021-06-03-23-03-51] 333件目成功 : 二瀬窯業株式会社 | ≪創業84年の安定基盤≫ 有名な観光地や建物で多くの実績あり！
[log: 2021-06-03-23-03-51] 334件目成功 : アビームコンサルティング株式会社
[log: 2021-06-03-23-03-51] 335件目成功 : 武井一男税理士事務所 | 完全土日休み◎残業月平均20h程度◎都心のためアクセス快適
[log: 2021-06-03-23-03-51] 336件目成功 : 株式会社バオラックス | 充実した研修で未経験からイチ早く管理職を目指しませんか？
[log: 2021-06-03-23-03-51] 337件目成功 : 株式会社ティー・アール・シー | 【技術者ファースト】取引先は、官公庁、大学、JAXA等の研究機関
[log: 2021-06-03-23-03-51] 338件目成功 : 株式会社シブタニ | 【土日祝休み／残業は基本5h以内！】大阪府緊急雇用対策に賛同
[log: 2021-06-03-23-03-52] 339件目成功 : 株式会社いろはにぽぺと | 常識の斜め上をイくクリエイター集団！オタクに優しい福利厚生有
[log: 2021-06-03-23-03-52] 340件目成功 : 富士ソフト株式会社 | 東証一部上場 ◆完全週休2日！柔軟な働き方もOK！
[log: 2021-06-03-23-03-52] 341件目成功 : 株式会社ジャパネットホールディングス | 通信販売でおなじみのジャパネットグループ！大手でキャリアUP
[log: 2021-06-03-23-03-52] 342件目成功 : 三進金属工業株式会社 | <業界トップクラスの産業用ラック総合メーカー> 賞与5ヶ月分支給
[log: 2021-06-03-23-03-52] 343件目成功 : 株式会社エルアイシー | 【地域貢献をビジョンに掲げる総合不動産会社】★テレワーク可
[log: 2021-06-03-23-03-52] 344件目成功 : 株式会社ジャパネットホールディングス | BS放送局を開局★週休2日制★残業代別途全額支給★若手活躍中
[log: 2021-06-03-23-03-52] 345件目成功 : IKP税理士法人 | ★育休、時短制度有 ★有休消化ほぼ100％★意欲・人柄重視
[log: 2021-06-03-23-03-53] 346件目成功 : AGENSI PEKERJAAN REERACOEN MALAYSIA SDN. BHD.
[log: 2021-06-03-23-03-53] 347件目成功 : 株式会社マキバレ | 創業5年目のフレッシュな企業／残業も月平均14.5時間と少なめ
[log: 2021-06-03-23-03-57] 348件目成功 : 株式会社第一コンピュータサービス | 教育体制充実◎経験の浅い方も歓迎◎マイナビ転職フェア横浜出展
[log: 2021-06-03-23-03-57] 349件目成功 : 株式会社Joie | Plan・Do・Seeグループ ◆7連休以上の長期休みあり◆転勤なし
[log: 2021-06-03-23-03-57] 350件目成功 : 株式会社ヤマダホームズ | 東証一部上場「株式会社ヤマダホールディングス」グループ
[log: 2021-06-03-23-03-57] 351件目成功 : 株式会社ミュゼプラチナム | ◆フレックス制／12時出社もOK ◆在宅ワーク可 ◆年間休日123日
[log: 2021-06-03-23-03-57] 352件目成功 : 福岡県商工会連合会 | 地域の事業支援や魅力創生の立役者として活躍／土日祝休み
[log: 2021-06-03-23-03-58] 353件目成功 : アイスター株式会社 | 【住友倉庫グループ】賞与年2～3回／大阪府緊急雇用対策に賛同
[log: 2021-06-03-23-03-58] 354件目成功 : 日本工業検査株式会社 | 【山九グループ】非破壊検査のリーディング企業として安定経営！
[log: 2021-06-03-23-03-58] 355件目成功 : 株式会社豊産業 | 環境コンサルティング・調査・計測事業を展開★年休120日以上
[log: 2021-06-03-23-03-58] 356件目成功 : ACJ株式会社 | ★完全土日祝休み ★残業月15~20h ★有給休暇取得100%の社員も
[log: 2021-06-03-23-03-58] 357件目成功 : 株式会社 ＨＡＬ | ★WEB面談応相談 ★全国応募OK ★リモートワーク可能
[log: 2021-06-03-23-03-59] 358件目成功 : ヒロボシ株式会社 | 設立48年＜食材商社・物流、外食分野で事業を展開する安定企業＞
[log: 2021-06-03-23-03-59] 359件目成功 : RGF Select India Private Limited
[log: 2021-06-03-23-03-59] 360件目成功 : 税理士法人嘉山会計 | お客様との出会いを大切に。地域密着の税理士法人
[log: 2021-06-03-23-03-59] 361件目成功 : 株式会社STAYGOLD | *完全週休2日制(土日)*育休産休実績あり*設立以来増収増益！
[log: 2021-06-03-23-03-59] 362件目成功 : 株式会社エクシードキャリア | ■[履歴書不要で応募OK] WEB面接可 ■独立支援制度も導入！
[log: 2021-06-03-23-03-59] 363件目成功 : 株式会社コミットグロース | 【自社サービス実績あり】◆土日祝休み◆年間休日120日以上
[log: 2021-06-03-23-04-00] 364件目成功 : 株式会社システムズアプローチ | ★定着率90％★設立以来ずっと社員ファーストを貫いています！
[log: 2021-06-03-23-04-00] 365件目成功 : 一般財団法人SF豊泉家 | 医療・福祉に貢献する豊泉家グループ｜大阪府緊急雇用対策に賛同
[log: 2021-06-03-23-04-00] 366件目成功 : 税理士法人TOKIZAWA&PARTNERS | 【TKC会員】土日祝休み・年休120日以上・在宅勤務も推進中
[log: 2021-06-03-23-04-00] 367件目成功 : 株式会社アルファステップ | 辻・本郷税理士グループ
[log: 2021-06-03-23-04-00] 368件目成功 : 株式会社東北電子計算センター | <東京支社>★完休2日／年休122日／残業月20h程／資格祝い金あり
[log: 2021-06-03-23-04-00] 369件目成功 : ランスタッド株式会社 | ★完全週休2日制★年間休日121日以上★残業月10時間
[log: 2021-06-03-23-04-00] 370件目成功 : REERACOEN VIETNAM CO.,LTD
[log: 2021-06-03-23-04-43] 371件目成功 : 株式会社デジタリアス | ◎未経験から"4G/LTE"や"5G"技術に携われる◎服装自由◎土日祝休
[log: 2021-06-03-23-04-44] 372件目成功 : アクロストランスポート株式会社 | 神奈川支店　横浜センター　★昨年度平均賞与実績：3ヶ月分
[log: 2021-06-03-23-04-44] 373件目成功 : 株式会社relation | #自社内での受託案件拡大！#当社で働く魅力、ぜひ見てください！
[log: 2021-06-03-23-04-44] 374件目成功 : レック・テクノロジー・コンサルティング株式会社 | 【米専門誌でも取り上げられる実力派】残業15h／年休120日以上
[log: 2021-06-03-23-04-44] 375件目成功 : ALEX会計事務所 | 《店舗型ビジネスの財務支援を展開》Web面接OK/家族・住宅手当◎
[log: 2021-06-03-23-04-44] 376件目成功 : 大和リース株式会社 | GreatPlacetoWork発表/働きがいのある会社24位*2021年大規模部門
[log: 2021-06-03-23-04-44] 377件目成功 : 株式会社NEXT EDUCATION | 【子別指導塾「坪田塾」を運営】◆毎年5校のペースで拡大中！◆
[log: 2021-06-03-23-04-44] 378件目成功 : 株式会社トゥルーエンジニアリングサービス | ◆残業代1分単位で支給◆20代活躍中◆面接1回◆クリアな評価基準
[log: 2021-06-03-23-04-44] 379件目成功 : 株式会社アールピーエム | アステラス製薬など大手メーカーと取引★20～30代の女性活躍中★
[log: 2021-06-03-23-04-44] 380件目成功 : Dreamcloud株式会社 | 超絶おしゃれ/イケてないおじさん0名/木金6時間実働/服装自由
[log: 2021-06-03-23-04-44] 381件目成功 : 株式会社北見コンピューター・ビジネス | 【大手企業案件多数！】★年休120日以上／残業平均10h以下
[log: 2021-06-03-23-04-45] 382件目成功 : 株式会社ファーストコール | ☆転勤なし ☆残業ほぼなし ☆マイナビ転職で入社した先輩が活躍
[log: 2021-06-03-23-04-45] 383件目成功 : 株式会社ウイングノア | 【技術者の理想を叶える】マイナビ初掲載★面接1回！面接保証有
[log: 2021-06-03-23-04-45] 384件目成功 : 日本獅龍株式会社 | ★リモートワーク率8割 ★WEB面接可能 ★時差出勤OK ★完休2日
[log: 2021-06-03-23-04-45] 385件目成功 : 株式会社ブレイン・ゲート | 《面接前のWEB面談対応可》気になることを聞いてみませんか？
[log: 2021-06-03-23-04-45] 386件目成功 : 株式会社人材ドラフト | 在宅勤務実施中／残業10時間以内／スピード入社歓迎！
[log: 2021-06-03-23-04-45] 387件目成功 : 株式会社そうけん | 【北海道働き方改革推進企業】★WEB面談OK／完全週休2日(土日祝)
[log: 2021-06-03-23-04-45] 388件目成功 : 一般社団法人 日本能率協会 | ★日本企業を支えるプロ集団 ★年間休日120日 ★残業月20h
[log: 2021-06-03-23-04-45] 389件目成功 : AGENSI PEKERJAAN REERACOEN MALAYSIA SDN. BHD.
[log: 2021-06-03-23-04-45] 390件目成功 : 日本システム技術株式会社 | 【東証一部上場×独立系SIer】★オンライン面談・面接可能です
[log: 2021-06-03-23-04-45] 391件目成功 : 株式会社健康家族 | テレビCMでお馴染み♪ ／ 大人気健康食品「伝統にんにく卵黄」
[log: 2021-06-03-23-04-45] 392件目成功 : 昭和住宅株式会社 | 《設立60年超》管理職も目指せる！
[log: 2021-06-03-23-04-46] 393件目成功 : 株式会社健康家族 | テレビCMでお馴染み♪ ／ 大人気健康食品「伝統にんにく卵黄」
[log: 2021-06-03-23-04-46] 394件目成功 : エナックス株式会社 | 大和證券グループ傘下の優良企業！黒字経営継続中！★土日祝休み
[log: 2021-06-03-23-04-46] 395件目成功 : 株式会社テクノプロ | テクノプロ・IT社――〇業界売上No.1 〇年間平均稼働率：95.1%
[log: 2021-06-03-23-04-46] 396件目成功 : 地方公共団体情報システム機構 | ◆マイナンバー制度関連システムの構築・運用を担う地方共同法人
[log: 2021-06-03-23-04-46] 397件目成功 : ソーシャルインクルー株式会社 | 今期も増収増益を更新◎将来性・安定性ともに業界トップクラス！
[log: 2021-06-03-23-06-12] 398件目成功 : 株式会社関西スーパーマーケット | 【東証1部上場】★大手水準の好環境→年休115日／福利厚生充実
[log: 2021-06-03-23-06-12] 399件目成功 : 株式会社テクノプロ | テクノプロ・IT社――〇業界売上No.1 〇年間平均稼働率：95.1%
[log: 2021-06-03-23-06-13] 400件目成功 : 株式会社テクノプロ | テクノプロ・IT社――〇業界売上No.1 〇年間平均稼働率：95.1%
[log: 2021-06-03-23-06-13] 401件目成功 : 株式会社やおきん | 創業60年、定着率80％↑世代を越えて愛されるお菓子の企画＆販売
[log: 2021-06-03-23-06-13] 402件目成功 : 株式会社佐勇 | ◆17年連続増収増益◆年休120日以上◆20～30代活躍中
[log: 2021-06-03-23-06-13] 403件目成功 : 株式会社テクノプロ | テクノプロ・IT社――〇業界売上No.1 〇年間平均稼働率95.1%
[log: 2021-06-03-23-06-14] 404件目成功 : 米田会計事務所 | 設立44年！上場企業の顧問先も！★年135日休みOK＆残業ほぼなし
[log: 2021-06-03-23-06-14] 405件目成功 : 汐留パートナーズ株式会社 | 《産育休取得実績あり》☆年休125日以上☆残業月平均20h以内
[log: 2021-06-03-23-06-14] 406件目成功 : 羽野誠一税理士事務所 | 企業の良きパートナーとして厚い信頼を獲得｜残業月平均5h以内！
[log: 2021-06-03-23-06-14] 407件目成功 : 公益財団法人JKA | <平均勤続年数25年の安定法人>★会社説明会有⇒セミナー情報注目
[log: 2021-06-03-23-06-14] 408件目成功 : シンクルー株式会社 | 働きがい&給与UP！自由な社風！副業OK！ラジオDJにもなれる？
[log: 2021-06-03-23-06-14] 409件目成功 : 株式会社FUMENT | 【化粧品/健康食品通販】★在宅勤務OK ★フレックスタイム制
[log: 2021-06-03-23-06-14] 410件目成功 : 株式会社下野建設 | 電気通信工事で九州トップクラス★2019年→2020年で売上2倍超！
[log: 2021-06-03-23-06-15] 411件目成功 : 株式会社藤本商會本店 | 【創業105年／高級割り箸メーカー】◎土日祝休み◎20代活躍中
[log: 2021-06-03-23-06-15] 412件目成功 : 株式会社JCDソリューション | ◆年間休日124日／大型連休有り／大門駅徒歩1分
[log: 2021-06-03-23-06-15] 413件目成功 : 丸井会計事務所 | 試験前に1～2ヶ月の休暇が取得可能！(大阪府緊急雇用対策に賛同)
[log: 2021-06-03-23-06-15] 414件目成功 : 株式会社レントハウス | 京王/小田急/中央線沿線の人気エリアで活躍|Web面接OK|面接1回
[log: 2021-06-03-23-06-15] 415件目成功 : アジアクエスト株式会社 | ＜IT×アジア＞で成長中のグローバル企業！★自社内開発多数
[log: 2021-06-03-23-06-15] 416件目成功 : 株式会社オートモーティブ・テクノロジーズ | 海外がマーケット！コロナ渦でも昨年同月比で売上増の外資系企業
[log: 2021-06-03-23-06-15] 417件目成功 : 株式会社PPFパートナーズ | ★年間休日125日★残業10時間★土日祝休★
[log: 2021-06-03-23-06-15] 418件目成功 : 協同組合ビジネスプラザ | ◆残業月10h以内◆完全週休2日制◆産休育休有◆賞与年２回◆
[log: 2021-06-03-23-06-16] 419件目成功 : 株式会社モトーレンレピオ | <BMW・MINI正規ディーラー>週休2日制で休日しっかり／賞与年2回
[log: 2021-06-03-23-06-16] 420件目成功 : 株式会社インターテクノ | 【大阪府緊急雇用対策に賛同】残業10～20時間程度／副業OK
[log: 2021-06-03-23-06-16] 421件目成功 : 西田商運株式会社 | 【 物流業界のホワイト企業 】関わる全ての人をHappyにします♪
[log: 2021-06-03-23-06-16] 422件目成功 : 九州機電株式会社 | 『日立グループ』の特約店／年休128日（土日祝）　UIターン歓迎
[log: 2021-06-03-23-06-17] 423件目成功 : 株式会社 日立インダストリアルプロダクツ | 大型産業機器事業を担う日立製作所 100%出資会社
[log: 2021-06-03-23-06-17] 424件目成功 : パーソル エクセル HRパートナーズ株式会社 | 企業の人材課題の解決と事業推進を支援する企業／転勤なし
[log: 2021-06-03-23-06-17] 425件目成功 : Accenture in the Philippines | ＼語学力が活かせる／51カ国に拠点を展開するグローバル企業
[log: 2021-06-03-23-06-17] 426件目成功 : 株式会社ナイガイ | 【燃焼機器・乾燥炉などを手がけるメーカー】年休120日以上
[log: 2021-06-03-23-06-18] 427件目成功 : 株式会社2way | #東京MXでも取り上げられた自社サービス #"原田功"で検索
[log: 2021-06-03-23-06-18] 428件目成功 : 株式会社九州機工 | 【創業40年以上の歴史誇る地場企業】■賞与4.5ヶ月■手当が充実
[log: 2021-06-03-23-06-18] 429件目成功 : 株式会社ジェイ・クリエイト | フレックスタイム制／完全週休2日(土日)／年間休日121日
[log: 2021-06-03-23-06-18] 430件目成功 : JRAファシリティーズ株式会社 | 【日本中央競馬会(JRA)の関連企業 】
[log: 2021-06-03-23-06-18] 431件目成功 : 医療法人社団優人会 | 東西線メディカルクリニック◆門前仲町駅直結◆賞与年3カ月
[log: 2021-06-03-23-06-19] 432件目成功 : 芳賀電機株式会社 | 安川電機(東証一部上場)のパートナー/大阪府緊急雇用対策に賛同
[log: 2021-06-03-23-06-19] 433件目成功 : ソルト・コンソーシアム株式会社 | 食を軸に、商業施設のプロデュースなど、多角的な事業を展開！
[log: 2021-06-03-23-06-19] 434件目成功 : 株式会社伸光製作所 | 創業55年の歴史と実績◆小型化”になくてはならないミクロ技術で躍進のメーカー
[log: 2021-06-03-23-06-19] 435件目成功 : 株式会社JIC | 《2015年に設立したばかりのベンチャー企業！》
[log: 2021-06-03-23-06-19] 436件目成功 : 有限会社ボンペックスジャパン | ★海外の食品・雑貨などの輸入・卸売企業★年間休日120日以上
[log: 2021-06-03-23-06-20] 437件目成功 : 株式会社Vヴィズリア | 【高水準のインセンあり】★土日祝休み★有給取得率◎＝連休もOK
[log: 2021-06-03-23-06-20] 438件目成功 : 株式会社東リース | 賞与年2回/家族手当/残業月10h以下/景気に左右されない安定性
[log: 2021-06-03-23-06-20] 439件目成功 : 株式会社B・P・S | 【大阪府緊急雇用対策に賛同】成長を遂げる実力派企業
[log: 2021-06-03-23-06-20] 440件目成功 : 株式会社長島設計事務所 | 池袋駅より徒歩5分★10年来の顧客基盤で安定★土日祝休
[log: 2021-06-03-23-06-20] 441件目成功 : SACグループ合同募集 | 【5月29日マイナビ転職フェア参画！】
[log: 2021-06-03-23-06-21] 442件目成功 : 株式会社Enjin | 人事評価の適正感ランキング業界No.4／年休120日／月残業25時間
[log: 2021-06-03-23-06-21] 443件目成功 : TAC株式会社 | 東証一部上場
[log: 2021-06-03-23-06-22] 444件目成功 : 株式会社シンエイ | ★転勤なし　★手当充実　★賞与年2回　★創業50年の安定企業
[log: 2021-06-03-23-06-22] 445件目成功 : 綜合メディカル株式会社 | 【設立35年★大阪北摂エリアで安定成長中！定着率もバツグン♪】
[log: 2021-06-03-23-06-22] 446件目成功 : 有限会社三邦ホールディングス | 年間休日124日/完全週休2日制/様々な福利厚生を完備
[log: 2021-06-03-23-06-23] 447件目成功 : 株式会社アドソフト | 当社でエンジニアライフを♪ ■完全土日休み ■テレワーク実施中
[log: 2021-06-03-23-06-23] 最終ページです。終了します。
[log: 2021-06-03-23-06-23] 処理完了 成功件数: 448 件 / 失敗件数: 0 件
